

Processing BookmarksController#index (for 127.0.0.1 at 2010-04-06 13:19:14) [GET]
  [4;36;1mBookmark Load (0.0ms)[0m   [0;1mSQLite3::SQLException: no such table: bookmarks: SELECT * FROM "bookmarks" [0m

ActiveRecord::StatementInvalid (SQLite3::SQLException: no such table: bookmarks: SELECT * FROM "bookmarks" ):
  app/controllers/bookmarks_controller.rb:5:in `index'
  /usr/lib/ruby/1.8/webrick/httpserver.rb:104:in `service'
  /usr/lib/ruby/1.8/webrick/httpserver.rb:65:in `run'
  /usr/lib/ruby/1.8/webrick/server.rb:173:in `start_thread'
  /usr/lib/ruby/1.8/webrick/server.rb:162:in `start'
  /usr/lib/ruby/1.8/webrick/server.rb:162:in `start_thread'
  /usr/lib/ruby/1.8/webrick/server.rb:95:in `start'
  /usr/lib/ruby/1.8/webrick/server.rb:92:in `each'
  /usr/lib/ruby/1.8/webrick/server.rb:92:in `start'
  /usr/lib/ruby/1.8/webrick/server.rb:23:in `start'
  /usr/lib/ruby/1.8/webrick/server.rb:82:in `start'

Rendered rescues/_trace (39.9ms)
Rendered rescues/_request_and_response (1.3ms)
Rendering rescues/layout (internal_server_error)
  [4;36;1mSQL (0.3ms)[0m   [0;1m SELECT name
 FROM sqlite_master
 WHERE type = 'table' AND NOT name = 'sqlite_sequence'
[0m
  [4;35;1mSQL (0.2ms)[0m   [0mselect sqlite_version(*)[0m
  [4;36;1mSQL (114.3ms)[0m   [0;1mCREATE TABLE "schema_migrations" ("version" varchar(255) NOT NULL) [0m
  [4;35;1mSQL (66.6ms)[0m   [0mCREATE UNIQUE INDEX "unique_schema_migrations" ON "schema_migrations" ("version")[0m
  [4;36;1mSQL (0.6ms)[0m   [0;1m SELECT name
 FROM sqlite_master
 WHERE type = 'table' AND NOT name = 'sqlite_sequence'
[0m
  [4;35;1mSQL (0.3ms)[0m   [0mSELECT version FROM schema_migrations[0m
Migrating to CreateBookmarks (20100406181822)
  [4;36;1mSQL (1.0ms)[0m   [0;1mCREATE TABLE "bookmarks" ("id" INTEGER PRIMARY KEY AUTOINCREMENT NOT NULL, "title" varchar(255), "description" text, "url" varchar(255), "author" varchar(255), "created_at" datetime, "updated_at" datetime) [0m
  [4;35;1mSQL (0.3ms)[0m   [0mINSERT INTO schema_migrations (version) VALUES ('20100406181822')[0m
  [4;36;1mSQL (0.7ms)[0m   [0;1m SELECT name
 FROM sqlite_master
 WHERE type = 'table' AND NOT name = 'sqlite_sequence'
[0m
  [4;35;1mSQL (0.4ms)[0m   [0mSELECT version FROM schema_migrations[0m
  [4;36;1mSQL (0.5ms)[0m   [0;1m SELECT name
 FROM sqlite_master
 WHERE type = 'table' AND NOT name = 'sqlite_sequence'
[0m
  [4;35;1mSQL (0.2ms)[0m   [0mPRAGMA index_list("bookmarks")[0m


Processing BookmarksController#index (for 127.0.0.1 at 2010-04-06 13:19:33) [GET]
  [4;35;1mBookmark Load (1.4ms)[0m   [0mSELECT * FROM "bookmarks" [0m
Rendering template within layouts/bookmarks
Rendering bookmarks/index
Completed in 149ms (View: 91, DB: 1) | 200 OK [http://localhost/bookmarks]


Processing BookmarksController#new (for 127.0.0.1 at 2010-04-06 13:19:35) [GET]
Rendering template within layouts/bookmarks
Rendering bookmarks/new
Completed in 18ms (View: 12, DB: 0) | 200 OK [http://localhost/bookmarks/new]
  [4;36;1mSQL (0.5ms)[0m   [0;1m SELECT name
 FROM sqlite_master
 WHERE type = 'table' AND NOT name = 'sqlite_sequence'
[0m
  [4;35;1mSQL (0.2ms)[0m   [0mSELECT version FROM schema_migrations[0m
Migrating to CreateBookmarks (20100406181822)
Migrating to AddTagsTable (20100406182328)
  [4;36;1mSQL (0.1ms)[0m   [0;1mselect sqlite_version(*)[0m
  [4;35;1mSQL (0.4ms)[0m   [0mCREATE TABLE "tags" ("id" INTEGER PRIMARY KEY AUTOINCREMENT NOT NULL, "name" varchar(255) NOT NULL, "created_at" datetime, "updated_at" datetime) [0m
  [4;36;1mSQL (0.1ms)[0m   [0;1mINSERT INTO schema_migrations (version) VALUES ('20100406182328')[0m
  [4;35;1mSQL (0.3ms)[0m   [0m SELECT name
 FROM sqlite_master
 WHERE type = 'table' AND NOT name = 'sqlite_sequence'
[0m
  [4;36;1mSQL (0.2ms)[0m   [0;1mSELECT version FROM schema_migrations[0m
  [4;35;1mSQL (0.2ms)[0m   [0m SELECT name
 FROM sqlite_master
 WHERE type = 'table' AND NOT name = 'sqlite_sequence'
[0m
  [4;36;1mSQL (0.1ms)[0m   [0;1mPRAGMA index_list("bookmarks")[0m
  [4;35;1mSQL (0.1ms)[0m   [0mPRAGMA index_list("tags")[0m
  [4;36;1mSQL (0.5ms)[0m   [0;1m SELECT name
 FROM sqlite_master
 WHERE type = 'table' AND NOT name = 'sqlite_sequence'
[0m
  [4;35;1mSQL (0.2ms)[0m   [0mSELECT version FROM schema_migrations[0m
Migrating to CreateBookmarks (20100406181822)
Migrating to AddTagsTable (20100406182328)
Migrating to CreateTags (20100406183206)
  [4;36;1mSQL (0.1ms)[0m   [0;1mselect sqlite_version(*)[0m
  [4;35;1mSQL (0.0ms)[0m   [0mSQLite3::SQLException: table "tags" already exists: CREATE TABLE "tags" ("id" INTEGER PRIMARY KEY AUTOINCREMENT NOT NULL, "created_at" datetime, "updated_at" datetime) [0m
  [4;36;1mSQL (0.6ms)[0m   [0;1m SELECT name
 FROM sqlite_master
 WHERE type = 'table' AND NOT name = 'sqlite_sequence'
[0m
  [4;35;1mSQL (0.2ms)[0m   [0mSELECT version FROM schema_migrations[0m
Migrating to CreateBookmarks (20100406181822)
Migrating to AddTagsTable (20100406182328)
Migrating to CreateTags (20100406183206)
  [4;36;1mSQL (0.1ms)[0m   [0;1mselect sqlite_version(*)[0m
  [4;36;1mSQL (0.6ms)[0m   [0;1m SELECT name
 FROM sqlite_master
 WHERE type = 'table' AND NOT name = 'sqlite_sequence'
[0m
  [4;35;1mSQL (0.2ms)[0m   [0mSELECT version FROM schema_migrations[0m
Migrating to CreateBookmarks (20100406181822)
Migrating to AddTagsTable (20100406182328)
Migrating to CreateTags (20100406183206)
  [4;36;1mSQL (0.1ms)[0m   [0;1mselect sqlite_version(*)[0m
  [4;35;1mSQL (0.3ms)[0m   [0mINSERT INTO schema_migrations (version) VALUES ('20100406183206')[0m
  [4;36;1mSQL (0.7ms)[0m   [0;1m SELECT name
 FROM sqlite_master
 WHERE type = 'table' AND NOT name = 'sqlite_sequence'
[0m
  [4;35;1mSQL (0.6ms)[0m   [0mSELECT version FROM schema_migrations[0m
  [4;36;1mSQL (0.6ms)[0m   [0;1m SELECT name
 FROM sqlite_master
 WHERE type = 'table' AND NOT name = 'sqlite_sequence'
[0m
  [4;35;1mSQL (0.2ms)[0m   [0mPRAGMA index_list("bookmarks")[0m
  [4;36;1mSQL (0.1ms)[0m   [0;1mPRAGMA index_list("tags")[0m


Processing BookmarksController#new (for 127.0.0.1 at 2010-04-06 14:06:37) [GET]
Rendering template within layouts/bookmarks
Rendering bookmarks/new

ActionView::TemplateError (undefined method `tags' for #<Bookmark:0x7fef0a330c60>) on line #24 of app/views/bookmarks/new.html.erb:
21:   </p>
22:   <p>
23:     <%= f.label :tags %><br />
24:     <%= f.text_field :tags %>
25:   </p>
26:   <p>
27:     <%= f.submit 'Create' %>

    app/views/bookmarks/new.html.erb:24
    app/views/bookmarks/new.html.erb:3
    app/controllers/bookmarks_controller.rb:29:in `new'
    /usr/lib/ruby/1.8/webrick/httpserver.rb:104:in `service'
    /usr/lib/ruby/1.8/webrick/httpserver.rb:65:in `run'
    /usr/lib/ruby/1.8/webrick/server.rb:173:in `start_thread'
    /usr/lib/ruby/1.8/webrick/server.rb:162:in `start'
    /usr/lib/ruby/1.8/webrick/server.rb:162:in `start_thread'
    /usr/lib/ruby/1.8/webrick/server.rb:95:in `start'
    /usr/lib/ruby/1.8/webrick/server.rb:92:in `each'
    /usr/lib/ruby/1.8/webrick/server.rb:92:in `start'
    /usr/lib/ruby/1.8/webrick/server.rb:23:in `start'
    /usr/lib/ruby/1.8/webrick/server.rb:82:in `start'

Rendered rescues/_trace (108.5ms)
Rendered rescues/_request_and_response (0.3ms)
Rendering rescues/layout (internal_server_error)


Processing BookmarksController#new (for 127.0.0.1 at 2010-04-06 14:07:42) [GET]
Rendering template within layouts/bookmarks
Rendering bookmarks/new

ActionView::TemplateError (interning empty string) on line #24 of app/views/bookmarks/new.html.erb:
21:   </p>
22:   <p>
23:     <%= f.label @tags %><br />
24:     <%= f.text_field @tags %>
25:   </p>
26:   <p>
27:     <%= f.submit 'Create' %>

    app/views/bookmarks/new.html.erb:24
    app/views/bookmarks/new.html.erb:3
    app/controllers/bookmarks_controller.rb:30:in `new'
    /usr/lib/ruby/1.8/webrick/httpserver.rb:104:in `service'
    /usr/lib/ruby/1.8/webrick/httpserver.rb:65:in `run'
    /usr/lib/ruby/1.8/webrick/server.rb:173:in `start_thread'
    /usr/lib/ruby/1.8/webrick/server.rb:162:in `start'
    /usr/lib/ruby/1.8/webrick/server.rb:162:in `start_thread'
    /usr/lib/ruby/1.8/webrick/server.rb:95:in `start'
    /usr/lib/ruby/1.8/webrick/server.rb:92:in `each'
    /usr/lib/ruby/1.8/webrick/server.rb:92:in `start'
    /usr/lib/ruby/1.8/webrick/server.rb:23:in `start'
    /usr/lib/ruby/1.8/webrick/server.rb:82:in `start'

Rendered rescues/_trace (47.2ms)
Rendered rescues/_request_and_response (0.3ms)
Rendering rescues/layout (internal_server_error)


Processing BookmarksController#new (for 127.0.0.1 at 2010-04-06 14:10:39) [GET]
Rendering template within layouts/bookmarks
Rendering bookmarks/new

ActionView::TemplateError (interning empty string) on line #24 of app/views/bookmarks/new.html.erb:
21:   </p>
22:   <p>
23:     <%= f.label @tags %><br />
24:     <%= f.text_field @tags %>
25:   </p>
26:   <p>
27:     <%= f.submit 'Create' %>

    app/views/bookmarks/new.html.erb:24
    app/views/bookmarks/new.html.erb:3
    app/controllers/bookmarks_controller.rb:30:in `new'
    /usr/lib/ruby/1.8/webrick/httpserver.rb:104:in `service'
    /usr/lib/ruby/1.8/webrick/httpserver.rb:65:in `run'
    /usr/lib/ruby/1.8/webrick/server.rb:173:in `start_thread'
    /usr/lib/ruby/1.8/webrick/server.rb:162:in `start'
    /usr/lib/ruby/1.8/webrick/server.rb:162:in `start_thread'
    /usr/lib/ruby/1.8/webrick/server.rb:95:in `start'
    /usr/lib/ruby/1.8/webrick/server.rb:92:in `each'
    /usr/lib/ruby/1.8/webrick/server.rb:92:in `start'
    /usr/lib/ruby/1.8/webrick/server.rb:23:in `start'
    /usr/lib/ruby/1.8/webrick/server.rb:82:in `start'

Rendered rescues/_trace (49.7ms)
Rendered rescues/_request_and_response (0.3ms)
Rendering rescues/layout (internal_server_error)


Processing BookmarksController#new (for 127.0.0.1 at 2010-04-06 14:10:50) [GET]
Rendering template within layouts/bookmarks
Rendering bookmarks/new
Completed in 18ms (View: 11, DB: 0) | 200 OK [http://localhost/bookmarks/new]
  [4;36;1mSQL (0.5ms)[0m   [0;1m SELECT name
 FROM sqlite_master
 WHERE type = 'table' AND NOT name = 'sqlite_sequence'
[0m
  [4;35;1mSQL (0.2ms)[0m   [0mSELECT version FROM schema_migrations[0m
Migrating to CreateBookmarks (20100406181822)
Migrating to AddTagsTable (20100406182328)
Migrating to CreateTags (20100406183206)
Migrating to CreateMarktags (20100406190514)
  [4;36;1mSQL (0.1ms)[0m   [0;1mselect sqlite_version(*)[0m
  [4;35;1mSQL (0.4ms)[0m   [0mCREATE TABLE "marktags" ("id" INTEGER PRIMARY KEY AUTOINCREMENT NOT NULL, "bookmark_id" integer, "tag_id" integer, "created_at" datetime, "updated_at" datetime) [0m
  [4;36;1mSQL (0.1ms)[0m   [0;1mINSERT INTO schema_migrations (version) VALUES ('20100406190514')[0m
  [4;35;1mSQL (0.4ms)[0m   [0m SELECT name
 FROM sqlite_master
 WHERE type = 'table' AND NOT name = 'sqlite_sequence'
[0m
  [4;36;1mSQL (0.2ms)[0m   [0;1mSELECT version FROM schema_migrations[0m
  [4;35;1mSQL (0.2ms)[0m   [0m SELECT name
 FROM sqlite_master
 WHERE type = 'table' AND NOT name = 'sqlite_sequence'
[0m
  [4;36;1mSQL (0.1ms)[0m   [0;1mPRAGMA index_list("bookmarks")[0m
  [4;35;1mSQL (0.1ms)[0m   [0mPRAGMA index_list("marktags")[0m
  [4;36;1mSQL (0.1ms)[0m   [0;1mPRAGMA index_list("tags")[0m


Processing BookmarksController#new (for 127.0.0.1 at 2010-04-06 14:12:44) [GET]
Rendering template within layouts/bookmarks
Rendering bookmarks/new
Completed in 15ms (View: 7, DB: 0) | 200 OK [http://localhost/bookmarks/new]


Processing BookmarksController#new (for 127.0.0.1 at 2010-04-06 14:13:19) [GET]
Rendering template within layouts/bookmarks
Rendering bookmarks/new

ActionView::TemplateError (undefined local variable or method `tags' for #<ActionView::Base:0x7fef0a4af5a0>) on line #23 of app/views/bookmarks/new.html.erb:
20:     <%= f.text_field :author %>
21:   </p>
22:   <p>
23:     <%= f.label tags %><br />
24:     <%= f.text_field tags %>
25:   </p>
26:   <p>

    app/views/bookmarks/new.html.erb:23
    app/views/bookmarks/new.html.erb:3
    app/controllers/bookmarks_controller.rb:30:in `new'
    /usr/lib/ruby/1.8/webrick/httpserver.rb:104:in `service'
    /usr/lib/ruby/1.8/webrick/httpserver.rb:65:in `run'
    /usr/lib/ruby/1.8/webrick/server.rb:173:in `start_thread'
    /usr/lib/ruby/1.8/webrick/server.rb:162:in `start'
    /usr/lib/ruby/1.8/webrick/server.rb:162:in `start_thread'
    /usr/lib/ruby/1.8/webrick/server.rb:95:in `start'
    /usr/lib/ruby/1.8/webrick/server.rb:92:in `each'
    /usr/lib/ruby/1.8/webrick/server.rb:92:in `start'
    /usr/lib/ruby/1.8/webrick/server.rb:23:in `start'
    /usr/lib/ruby/1.8/webrick/server.rb:82:in `start'

Rendered rescues/_trace (43.1ms)
Rendered rescues/_request_and_response (0.3ms)
Rendering rescues/layout (internal_server_error)


Processing BookmarksController#new (for 127.0.0.1 at 2010-04-06 14:13:28) [GET]
Rendering template within layouts/bookmarks
Rendering bookmarks/new

ActionView::TemplateError (interning empty string) on line #24 of app/views/bookmarks/new.html.erb:
21:   </p>
22:   <p>
23:     <%= f.label @tags %><br />
24:     <%= f.text_field @tags %>
25:   </p>
26:   <p>
27:     <%= f.submit 'Create' %>

    app/views/bookmarks/new.html.erb:24
    app/views/bookmarks/new.html.erb:3
    app/controllers/bookmarks_controller.rb:30:in `new'
    /usr/lib/ruby/1.8/webrick/httpserver.rb:104:in `service'
    /usr/lib/ruby/1.8/webrick/httpserver.rb:65:in `run'
    /usr/lib/ruby/1.8/webrick/server.rb:173:in `start_thread'
    /usr/lib/ruby/1.8/webrick/server.rb:162:in `start'
    /usr/lib/ruby/1.8/webrick/server.rb:162:in `start_thread'
    /usr/lib/ruby/1.8/webrick/server.rb:95:in `start'
    /usr/lib/ruby/1.8/webrick/server.rb:92:in `each'
    /usr/lib/ruby/1.8/webrick/server.rb:92:in `start'
    /usr/lib/ruby/1.8/webrick/server.rb:23:in `start'
    /usr/lib/ruby/1.8/webrick/server.rb:82:in `start'

Rendered rescues/_trace (46.8ms)
Rendered rescues/_request_and_response (0.3ms)
Rendering rescues/layout (internal_server_error)


Processing BookmarksController#new (for 127.0.0.1 at 2010-04-06 14:14:13) [GET]
Rendering template within layouts/bookmarks
Rendering bookmarks/new

ActionView::TemplateError (undefined method `hi' for #<Bookmark:0x7fef0bfea658>) on line #24 of app/views/bookmarks/new.html.erb:
21:   </p>
22:   <p>
23:     <%= f.label @tags %><br />
24:     <%= f.text_field @tags %>
25:   </p>
26:   <p>
27:     <%= f.submit 'Create' %>

    app/views/bookmarks/new.html.erb:24
    app/views/bookmarks/new.html.erb:3
    app/controllers/bookmarks_controller.rb:30:in `new'
    /usr/lib/ruby/1.8/webrick/httpserver.rb:104:in `service'
    /usr/lib/ruby/1.8/webrick/httpserver.rb:65:in `run'
    /usr/lib/ruby/1.8/webrick/server.rb:173:in `start_thread'
    /usr/lib/ruby/1.8/webrick/server.rb:162:in `start'
    /usr/lib/ruby/1.8/webrick/server.rb:162:in `start_thread'
    /usr/lib/ruby/1.8/webrick/server.rb:95:in `start'
    /usr/lib/ruby/1.8/webrick/server.rb:92:in `each'
    /usr/lib/ruby/1.8/webrick/server.rb:92:in `start'
    /usr/lib/ruby/1.8/webrick/server.rb:23:in `start'
    /usr/lib/ruby/1.8/webrick/server.rb:82:in `start'

Rendered rescues/_trace (49.3ms)
Rendered rescues/_request_and_response (0.3ms)
Rendering rescues/layout (internal_server_error)


Processing BookmarksController#new (for 127.0.0.1 at 2010-04-06 14:15:33) [GET]

NameError (undefined local variable or method `bookmark_id' for #<BookmarksController:0x7fef0a1bb740>):
  app/controllers/bookmarks_controller.rb:28:in `new'
  /usr/lib/ruby/1.8/webrick/httpserver.rb:104:in `service'
  /usr/lib/ruby/1.8/webrick/httpserver.rb:65:in `run'
  /usr/lib/ruby/1.8/webrick/server.rb:173:in `start_thread'
  /usr/lib/ruby/1.8/webrick/server.rb:162:in `start'
  /usr/lib/ruby/1.8/webrick/server.rb:162:in `start_thread'
  /usr/lib/ruby/1.8/webrick/server.rb:95:in `start'
  /usr/lib/ruby/1.8/webrick/server.rb:92:in `each'
  /usr/lib/ruby/1.8/webrick/server.rb:92:in `start'
  /usr/lib/ruby/1.8/webrick/server.rb:23:in `start'
  /usr/lib/ruby/1.8/webrick/server.rb:82:in `start'

Rendered rescues/_trace (89.9ms)
Rendered rescues/_request_and_response (0.5ms)
Rendering rescues/layout (internal_server_error)


Processing BookmarksController#new (for 127.0.0.1 at 2010-04-06 14:15:45) [GET]
  [4;36;1mSQL (0.4ms)[0m   [0;1m SELECT name
 FROM sqlite_master
 WHERE type = 'table' AND NOT name = 'sqlite_sequence'
[0m

NoMethodError (undefined method `find_on_conditions' for #<Class:0x7fef0a5cbdf8>):
  app/controllers/bookmarks_controller.rb:28:in `new'
  /usr/lib/ruby/1.8/webrick/httpserver.rb:104:in `service'
  /usr/lib/ruby/1.8/webrick/httpserver.rb:65:in `run'
  /usr/lib/ruby/1.8/webrick/server.rb:173:in `start_thread'
  /usr/lib/ruby/1.8/webrick/server.rb:162:in `start'
  /usr/lib/ruby/1.8/webrick/server.rb:162:in `start_thread'
  /usr/lib/ruby/1.8/webrick/server.rb:95:in `start'
  /usr/lib/ruby/1.8/webrick/server.rb:92:in `each'
  /usr/lib/ruby/1.8/webrick/server.rb:92:in `start'
  /usr/lib/ruby/1.8/webrick/server.rb:23:in `start'
  /usr/lib/ruby/1.8/webrick/server.rb:82:in `start'

Rendered rescues/_trace (31.5ms)
Rendered rescues/_request_and_response (0.4ms)
Rendering rescues/layout (internal_server_error)


Processing BookmarksController#new (for 127.0.0.1 at 2010-04-06 14:15:59) [GET]
  [4;35;1mTags Load (0.2ms)[0m   [0mSELECT * FROM "tags" WHERE ("tags"."id" = 0) [0m

ActiveRecord::RecordNotFound (Couldn't find Tags with ID=false):
  app/controllers/bookmarks_controller.rb:28:in `new'
  /usr/lib/ruby/1.8/webrick/httpserver.rb:104:in `service'
  /usr/lib/ruby/1.8/webrick/httpserver.rb:65:in `run'
  /usr/lib/ruby/1.8/webrick/server.rb:173:in `start_thread'
  /usr/lib/ruby/1.8/webrick/server.rb:162:in `start'
  /usr/lib/ruby/1.8/webrick/server.rb:162:in `start_thread'
  /usr/lib/ruby/1.8/webrick/server.rb:95:in `start'
  /usr/lib/ruby/1.8/webrick/server.rb:92:in `each'
  /usr/lib/ruby/1.8/webrick/server.rb:92:in `start'
  /usr/lib/ruby/1.8/webrick/server.rb:23:in `start'
  /usr/lib/ruby/1.8/webrick/server.rb:82:in `start'

Rendered rescues/_trace (31.8ms)
Rendered rescues/_request_and_response (0.3ms)
Rendering rescues/layout (not_found)


Processing BookmarksController#new (for 127.0.0.1 at 2010-04-06 14:17:18) [GET]
Rendering template within layouts/bookmarks
Rendering bookmarks/new
Completed in 20ms (View: 11, DB: 0) | 200 OK [http://localhost/bookmarks/new]


Processing BookmarksController#index (for 127.0.0.1 at 2010-04-06 14:17:21) [GET]
  [4;36;1mBookmark Load (0.4ms)[0m   [0;1mSELECT * FROM "bookmarks" [0m
Rendering template within layouts/bookmarks
Rendering bookmarks/index
Completed in 8ms (View: 1, DB: 0) | 200 OK [http://localhost/bookmarks]


Processing BookmarksController#new (for 127.0.0.1 at 2010-04-06 14:17:22) [GET]
Rendering template within layouts/bookmarks
Rendering bookmarks/new
Completed in 14ms (View: 6, DB: 0) | 200 OK [http://localhost/bookmarks/new]


Processing BookmarksController#create (for 127.0.0.1 at 2010-04-06 14:17:27) [POST]
  Parameters: {"commit"=>"Create", "bookmark"=>{"author"=>"sdf", "title"=>"abc", "url"=>"fsdf", "description"=>"sdf"}, "authenticity_token"=>"2vF6Cdxo8viVkWzRFvRuCed81tJbyIDpSIO0AmrjUtM="}
  [4;35;1mBookmark Create (3.3ms)[0m   [0mINSERT INTO "bookmarks" ("created_at", "title", "author", "updated_at", "url", "description") VALUES('2010-04-06 19:17:27', 'abc', 'sdf', '2010-04-06 19:17:27', 'fsdf', 'sdf')[0m
Redirected to http://localhost:3000/bookmarks/1
Completed in 199ms (DB: 3) | 302 Found [http://localhost/bookmarks]


Processing BookmarksController#show (for 127.0.0.1 at 2010-04-06 14:17:27) [GET]
  Parameters: {"id"=>"1"}
  [4;36;1mBookmark Load (0.3ms)[0m   [0;1mSELECT * FROM "bookmarks" WHERE ("bookmarks"."id" = 1) [0m
Rendering template within layouts/bookmarks
Rendering bookmarks/show
Completed in 18ms (View: 7, DB: 0) | 200 OK [http://localhost/bookmarks/1]


Processing BookmarksController#edit (for 127.0.0.1 at 2010-04-06 14:17:29) [GET]
  Parameters: {"id"=>"1"}
  [4;35;1mBookmark Load (13.8ms)[0m   [0mSELECT * FROM "bookmarks" WHERE ("bookmarks"."id" = 1) [0m
Rendering template within layouts/bookmarks
Rendering bookmarks/edit

ActionView::TemplateError (undefined method `label' for nil:NilClass) on line #23 of app/views/bookmarks/edit.html.erb:
20:     <%= f.text_field :author %>
21:   </p>
22:   <p>
23:     <%= @tags.label :author %><br />
24:     <%= @tags.text_field :author %>
25:   </p>
26:   

    app/views/bookmarks/edit.html.erb:23
    app/views/bookmarks/edit.html.erb:3
    /usr/lib/ruby/1.8/webrick/httpserver.rb:104:in `service'
    /usr/lib/ruby/1.8/webrick/httpserver.rb:65:in `run'
    /usr/lib/ruby/1.8/webrick/server.rb:173:in `start_thread'
    /usr/lib/ruby/1.8/webrick/server.rb:162:in `start'
    /usr/lib/ruby/1.8/webrick/server.rb:162:in `start_thread'
    /usr/lib/ruby/1.8/webrick/server.rb:95:in `start'
    /usr/lib/ruby/1.8/webrick/server.rb:92:in `each'
    /usr/lib/ruby/1.8/webrick/server.rb:92:in `start'
    /usr/lib/ruby/1.8/webrick/server.rb:23:in `start'
    /usr/lib/ruby/1.8/webrick/server.rb:82:in `start'

Rendered rescues/_trace (41.1ms)
Rendered rescues/_request_and_response (0.3ms)
Rendering rescues/layout (internal_server_error)


Processing BookmarksController#edit (for 127.0.0.1 at 2010-04-06 14:17:41) [GET]
  Parameters: {"id"=>"1"}
  [4;36;1mBookmark Load (0.3ms)[0m   [0;1mSELECT * FROM "bookmarks" WHERE ("bookmarks"."id" = 1) [0m
Rendering template within layouts/bookmarks
Rendering bookmarks/edit

ActionView::TemplateError (wrong number of arguments (1 for 2)) on line #23 of app/views/bookmarks/edit.html.erb:
20:     <%= f.text_field :author %>
21:   </p>
22:   <p>
23:     <%= label :author %><br />
24:     <%= text_field :author %>
25:   </p>
26:   

    app/views/bookmarks/edit.html.erb:23:in `label'
    app/views/bookmarks/edit.html.erb:23
    app/views/bookmarks/edit.html.erb:3
    /usr/lib/ruby/1.8/webrick/httpserver.rb:104:in `service'
    /usr/lib/ruby/1.8/webrick/httpserver.rb:65:in `run'
    /usr/lib/ruby/1.8/webrick/server.rb:173:in `start_thread'
    /usr/lib/ruby/1.8/webrick/server.rb:162:in `start'
    /usr/lib/ruby/1.8/webrick/server.rb:162:in `start_thread'
    /usr/lib/ruby/1.8/webrick/server.rb:95:in `start'
    /usr/lib/ruby/1.8/webrick/server.rb:92:in `each'
    /usr/lib/ruby/1.8/webrick/server.rb:92:in `start'
    /usr/lib/ruby/1.8/webrick/server.rb:23:in `start'
    /usr/lib/ruby/1.8/webrick/server.rb:82:in `start'

Rendered rescues/_trace (102.6ms)
Rendered rescues/_request_and_response (0.3ms)
Rendering rescues/layout (internal_server_error)


Processing BookmarksController#edit (for 127.0.0.1 at 2010-04-06 14:17:57) [GET]
  Parameters: {"id"=>"1"}
  [4;35;1mBookmark Load (0.3ms)[0m   [0mSELECT * FROM "bookmarks" WHERE ("bookmarks"."id" = 1) [0m
Rendering template within layouts/bookmarks
Rendering bookmarks/edit

ActionView::TemplateError (wrong number of arguments (0 for 2)) on line #23 of app/views/bookmarks/edit.html.erb:
20:     <%= f.text_field :author %>
21:   </p>
22:   <p>
23:     <%= label  %><br />
24:     <%= text_field  %>
25:   </p>
26:   

    app/views/bookmarks/edit.html.erb:23:in `label'
    app/views/bookmarks/edit.html.erb:23
    app/views/bookmarks/edit.html.erb:3
    /usr/lib/ruby/1.8/webrick/httpserver.rb:104:in `service'
    /usr/lib/ruby/1.8/webrick/httpserver.rb:65:in `run'
    /usr/lib/ruby/1.8/webrick/server.rb:173:in `start_thread'
    /usr/lib/ruby/1.8/webrick/server.rb:162:in `start'
    /usr/lib/ruby/1.8/webrick/server.rb:162:in `start_thread'
    /usr/lib/ruby/1.8/webrick/server.rb:95:in `start'
    /usr/lib/ruby/1.8/webrick/server.rb:92:in `each'
    /usr/lib/ruby/1.8/webrick/server.rb:92:in `start'
    /usr/lib/ruby/1.8/webrick/server.rb:23:in `start'
    /usr/lib/ruby/1.8/webrick/server.rb:82:in `start'

Rendered rescues/_trace (102.1ms)
Rendered rescues/_request_and_response (0.4ms)
Rendering rescues/layout (internal_server_error)


Processing BookmarksController#edit (for 127.0.0.1 at 2010-04-06 14:18:16) [GET]
  Parameters: {"id"=>"1"}
  [4;36;1mBookmark Load (0.3ms)[0m   [0;1mSELECT * FROM "bookmarks" WHERE ("bookmarks"."id" = 1) [0m
Rendering template within layouts/bookmarks
Rendering bookmarks/edit
ERROR: compiling _run_erb_app47views47bookmarks47edit46html46erb RAISED compile error
/home/djsynthe/ror/marktag/app/views/bookmarks/edit.html.erb:23: syntax error, unexpected tIVAR, expecting ')'
...fer.concat(( label :tags @tags ).to_s); @output_buffer.conca...
                              ^
/home/djsynthe/ror/marktag/app/views/bookmarks/edit.html.erb:24: syntax error, unexpected tIVAR, expecting ')'
...ncat(( text_field  :tags @tags ).to_s); @output_buffer.conca...
                              ^
Function body:           def _run_erb_app47views47bookmarks47edit46html46erb(local_assigns)
            old_output_buffer = output_buffer;;@output_buffer = '';  __in_erb_template=true ; @output_buffer.concat "<h1>Editing bookmark</h1>\n\n"

;  form_for(@bookmark) do |f| ; @output_buffer.concat "\n  "
; @output_buffer.concat(( f.error_messages ).to_s); @output_buffer.concat "\n\n  <p>\n    "


; @output_buffer.concat(( f.label :title ).to_s); @output_buffer.concat "<br />\n    "
; @output_buffer.concat(( f.text_field :title ).to_s); @output_buffer.concat "\n  </p>\n  <p>\n    "


; @output_buffer.concat(( f.label :description ).to_s); @output_buffer.concat "<br />\n    "
; @output_buffer.concat(( f.text_area :description ).to_s); @output_buffer.concat "\n  </p>\n  <p>\n    "


; @output_buffer.concat(( f.label :url ).to_s); @output_buffer.concat "<br />\n    "
; @output_buffer.concat(( f.text_field :url ).to_s); @output_buffer.concat "\n  </p>\n  <p>\n    "


; @output_buffer.concat(( f.label :author ).to_s); @output_buffer.concat "<br />\n    "
; @output_buffer.concat(( f.text_field :author ).to_s); @output_buffer.concat "\n  </p>\n  <p>\n    "


; @output_buffer.concat(( label :tags @tags ).to_s); @output_buffer.concat "<br />\n    "
; @output_buffer.concat(( text_field  :tags @tags ).to_s); @output_buffer.concat "\n  </p>\n  \n  <p>\n    "



; @output_buffer.concat(( f.submit 'Update' ).to_s); @output_buffer.concat "\n  </p>\n"

;  end ; @output_buffer.concat "\n\n"

; @output_buffer.concat(( link_to 'Show', @bookmark ).to_s); @output_buffer.concat " |\n"
; @output_buffer.concat(( link_to 'Back', bookmarks_path ).to_s); @output_buffer
          ensure
            self.output_buffer = old_output_buffer
          end
Backtrace: /home/djsynthe/ror/marktag/app/views/bookmarks/edit.html.erb:36:in `compile!'
/usr/lib/ruby/gems/1.8/gems/actionpack-2.3.5/lib/action_view/renderable.rb:61:in `compile'
/usr/lib/ruby/gems/1.8/gems/actionpack-2.3.5/lib/action_view/renderable.rb:28:in `render'
/usr/lib/ruby/gems/1.8/gems/actionpack-2.3.5/lib/action_view/template.rb:205:in `render_template'
/usr/lib/ruby/gems/1.8/gems/actionpack-2.3.5/lib/action_view/base.rb:265:in `render'
/usr/lib/ruby/gems/1.8/gems/actionpack-2.3.5/lib/action_view/base.rb:348:in `_render_with_layout'
/usr/lib/ruby/gems/1.8/gems/actionpack-2.3.5/lib/action_view/base.rb:262:in `render'
/usr/lib/ruby/gems/1.8/gems/actionpack-2.3.5/lib/action_controller/base.rb:1250:in `render_for_file'
/usr/lib/ruby/gems/1.8/gems/actionpack-2.3.5/lib/action_controller/base.rb:945:in `render_without_benchmark'
/usr/lib/ruby/gems/1.8/gems/actionpack-2.3.5/lib/action_controller/benchmarking.rb:51:in `render'
/usr/lib/ruby/gems/1.8/gems/activesupport-2.3.5/lib/active_support/core_ext/benchmark.rb:17:in `ms'
/usr/lib/ruby/1.8/benchmark.rb:308:in `realtime'
/usr/lib/ruby/gems/1.8/gems/activesupport-2.3.5/lib/active_support/core_ext/benchmark.rb:17:in `ms'
/usr/lib/ruby/gems/1.8/gems/actionpack-2.3.5/lib/action_controller/benchmarking.rb:51:in `render'
/usr/lib/ruby/gems/1.8/gems/actionpack-2.3.5/lib/action_controller/base.rb:1326:in `default_render'
/usr/lib/ruby/gems/1.8/gems/actionpack-2.3.5/lib/action_controller/base.rb:1332:in `perform_action_without_filters'
/usr/lib/ruby/gems/1.8/gems/actionpack-2.3.5/lib/action_controller/filters.rb:617:in `call_filters'
/usr/lib/ruby/gems/1.8/gems/actionpack-2.3.5/lib/action_controller/filters.rb:610:in `perform_action_without_benchmark'
/usr/lib/ruby/gems/1.8/gems/actionpack-2.3.5/lib/action_controller/benchmarking.rb:68:in `perform_action_without_rescue'
/usr/lib/ruby/gems/1.8/gems/activesupport-2.3.5/lib/active_support/core_ext/benchmark.rb:17:in `ms'
/usr/lib/ruby/1.8/benchmark.rb:308:in `realtime'
/usr/lib/ruby/gems/1.8/gems/activesupport-2.3.5/lib/active_support/core_ext/benchmark.rb:17:in `ms'
/usr/lib/ruby/gems/1.8/gems/actionpack-2.3.5/lib/action_controller/benchmarking.rb:68:in `perform_action_without_rescue'
/usr/lib/ruby/gems/1.8/gems/actionpack-2.3.5/lib/action_controller/rescue.rb:160:in `perform_action_without_flash'
/usr/lib/ruby/gems/1.8/gems/actionpack-2.3.5/lib/action_controller/flash.rb:146:in `perform_action'
/usr/lib/ruby/gems/1.8/gems/actionpack-2.3.5/lib/action_controller/base.rb:532:in `send'
/usr/lib/ruby/gems/1.8/gems/actionpack-2.3.5/lib/action_controller/base.rb:532:in `process_without_filters'
/usr/lib/ruby/gems/1.8/gems/actionpack-2.3.5/lib/action_controller/filters.rb:606:in `process'
/usr/lib/ruby/gems/1.8/gems/actionpack-2.3.5/lib/action_controller/base.rb:391:in `process'
/usr/lib/ruby/gems/1.8/gems/actionpack-2.3.5/lib/action_controller/base.rb:386:in `call'
/usr/lib/ruby/gems/1.8/gems/actionpack-2.3.5/lib/action_controller/routing/route_set.rb:437:in `call'
/usr/lib/ruby/gems/1.8/gems/actionpack-2.3.5/lib/action_controller/dispatcher.rb:87:in `dispatch'
/usr/lib/ruby/gems/1.8/gems/actionpack-2.3.5/lib/action_controller/dispatcher.rb:121:in `_call'
/usr/lib/ruby/gems/1.8/gems/actionpack-2.3.5/lib/action_controller/dispatcher.rb:130:in `build_middleware_stack'
/usr/lib/ruby/gems/1.8/gems/activerecord-2.3.5/lib/active_record/query_cache.rb:29:in `call'
/usr/lib/ruby/gems/1.8/gems/activerecord-2.3.5/lib/active_record/query_cache.rb:29:in `call'
/usr/lib/ruby/gems/1.8/gems/activerecord-2.3.5/lib/active_record/connection_adapters/abstract/query_cache.rb:34:in `cache'
/usr/lib/ruby/gems/1.8/gems/activerecord-2.3.5/lib/active_record/query_cache.rb:9:in `cache'
/usr/lib/ruby/gems/1.8/gems/activerecord-2.3.5/lib/active_record/query_cache.rb:28:in `call'
/usr/lib/ruby/gems/1.8/gems/activerecord-2.3.5/lib/active_record/connection_adapters/abstract/connection_pool.rb:361:in `call'
/usr/lib/ruby/gems/1.8/gems/actionpack-2.3.5/lib/action_controller/string_coercion.rb:25:in `call'
/usr/lib/ruby/gems/1.8/gems/rack-1.0.1/lib/rack/head.rb:9:in `call'
/usr/lib/ruby/gems/1.8/gems/rack-1.0.1/lib/rack/methodoverride.rb:24:in `call'
/usr/lib/ruby/gems/1.8/gems/actionpack-2.3.5/lib/action_controller/params_parser.rb:15:in `call'
/usr/lib/ruby/gems/1.8/gems/actionpack-2.3.5/lib/action_controller/session/cookie_store.rb:93:in `call'
/usr/lib/ruby/gems/1.8/gems/actionpack-2.3.5/lib/action_controller/failsafe.rb:26:in `call'
/usr/lib/ruby/gems/1.8/gems/rack-1.0.1/lib/rack/lock.rb:11:in `call'
/usr/lib/ruby/gems/1.8/gems/rack-1.0.1/lib/rack/lock.rb:11:in `synchronize'
/usr/lib/ruby/gems/1.8/gems/rack-1.0.1/lib/rack/lock.rb:11:in `call'
/usr/lib/ruby/gems/1.8/gems/actionpack-2.3.5/lib/action_controller/dispatcher.rb:114:in `call'
/usr/lib/ruby/gems/1.8/gems/actionpack-2.3.5/lib/action_controller/reloader.rb:34:in `run'
/usr/lib/ruby/gems/1.8/gems/actionpack-2.3.5/lib/action_controller/dispatcher.rb:108:in `call'
/usr/lib/ruby/gems/1.8/gems/rails-2.3.5/lib/rails/rack/static.rb:31:in `call'
/usr/lib/ruby/gems/1.8/gems/rack-1.0.1/lib/rack/urlmap.rb:46:in `call'
/usr/lib/ruby/gems/1.8/gems/rack-1.0.1/lib/rack/urlmap.rb:40:in `each'
/usr/lib/ruby/gems/1.8/gems/rack-1.0.1/lib/rack/urlmap.rb:40:in `call'
/usr/lib/ruby/gems/1.8/gems/rails-2.3.5/lib/rails/rack/log_tailer.rb:17:in `call'
/usr/lib/ruby/gems/1.8/gems/rack-1.0.1/lib/rack/content_length.rb:13:in `call'
/usr/lib/ruby/gems/1.8/gems/rack-1.0.1/lib/rack/handler/webrick.rb:50:in `service'
/usr/lib/ruby/1.8/webrick/httpserver.rb:104:in `service'
/usr/lib/ruby/1.8/webrick/httpserver.rb:65:in `run'
/usr/lib/ruby/1.8/webrick/server.rb:173:in `start_thread'
/usr/lib/ruby/1.8/webrick/server.rb:162:in `start'
/usr/lib/ruby/1.8/webrick/server.rb:162:in `start_thread'
/usr/lib/ruby/1.8/webrick/server.rb:95:in `start'
/usr/lib/ruby/1.8/webrick/server.rb:92:in `each'
/usr/lib/ruby/1.8/webrick/server.rb:92:in `start'
/usr/lib/ruby/1.8/webrick/server.rb:23:in `start'
/usr/lib/ruby/1.8/webrick/server.rb:82:in `start'
/usr/lib/ruby/gems/1.8/gems/rack-1.0.1/lib/rack/handler/webrick.rb:14:in `run'
/usr/lib/ruby/gems/1.8/gems/rails-2.3.5/lib/commands/server.rb:111
/usr/local/lib/site_ruby/1.8/rubygems/custom_require.rb:31:in `gem_original_require'
/usr/local/lib/site_ruby/1.8/rubygems/custom_require.rb:31:in `require'
script/server:3

ActionView::TemplateError (compile error
/home/djsynthe/ror/marktag/app/views/bookmarks/edit.html.erb:23: syntax error, unexpected tIVAR, expecting ')'
...fer.concat(( label :tags @tags ).to_s); @output_buffer.conca...
                              ^
/home/djsynthe/ror/marktag/app/views/bookmarks/edit.html.erb:24: syntax error, unexpected tIVAR, expecting ')'
...ncat(( text_field  :tags @tags ).to_s); @output_buffer.conca...
                              ^) on line #23 of app/views/bookmarks/edit.html.erb:
20:     <%= f.text_field :author %>
21:   </p>
22:   <p>
23:     <%= label :tags @tags %><br />
24:     <%= text_field  :tags @tags %>
25:   </p>
26:   

    app/views/bookmarks/edit.html.erb:36:in `compile!'
    /usr/lib/ruby/1.8/webrick/httpserver.rb:104:in `service'
    /usr/lib/ruby/1.8/webrick/httpserver.rb:65:in `run'
    /usr/lib/ruby/1.8/webrick/server.rb:173:in `start_thread'
    /usr/lib/ruby/1.8/webrick/server.rb:162:in `start'
    /usr/lib/ruby/1.8/webrick/server.rb:162:in `start_thread'
    /usr/lib/ruby/1.8/webrick/server.rb:95:in `start'
    /usr/lib/ruby/1.8/webrick/server.rb:92:in `each'
    /usr/lib/ruby/1.8/webrick/server.rb:92:in `start'
    /usr/lib/ruby/1.8/webrick/server.rb:23:in `start'
    /usr/lib/ruby/1.8/webrick/server.rb:82:in `start'

Rendered rescues/_trace (36.8ms)
Rendered rescues/_request_and_response (0.4ms)
Rendering rescues/layout (internal_server_error)


Processing BookmarksController#edit (for 127.0.0.1 at 2010-04-06 14:18:30) [GET]
  Parameters: {"id"=>"1"}
  [4;35;1mBookmark Load (0.3ms)[0m   [0mSELECT * FROM "bookmarks" WHERE ("bookmarks"."id" = 1) [0m
Rendering template within layouts/bookmarks
Rendering bookmarks/edit
ERROR: compiling _run_erb_app47views47bookmarks47edit46html46erb RAISED compile error
/home/djsynthe/ror/marktag/app/views/bookmarks/edit.html.erb:23: syntax error, unexpected tSTRING_BEG, expecting ')'
..._buffer.concat(( label :tags "tags" ).to_s); @output_buffer....
                              ^
/home/djsynthe/ror/marktag/app/views/bookmarks/edit.html.erb:24: syntax error, unexpected tSTRING_BEG, expecting ')'
...r.concat(( text_field  :tags "tags" ).to_s); @output_buffer....
                              ^
Function body:           def _run_erb_app47views47bookmarks47edit46html46erb(local_assigns)
            old_output_buffer = output_buffer;;@output_buffer = '';  __in_erb_template=true ; @output_buffer.concat "<h1>Editing bookmark</h1>\n\n"

;  form_for(@bookmark) do |f| ; @output_buffer.concat "\n  "
; @output_buffer.concat(( f.error_messages ).to_s); @output_buffer.concat "\n\n  <p>\n    "


; @output_buffer.concat(( f.label :title ).to_s); @output_buffer.concat "<br />\n    "
; @output_buffer.concat(( f.text_field :title ).to_s); @output_buffer.concat "\n  </p>\n  <p>\n    "


; @output_buffer.concat(( f.label :description ).to_s); @output_buffer.concat "<br />\n    "
; @output_buffer.concat(( f.text_area :description ).to_s); @output_buffer.concat "\n  </p>\n  <p>\n    "


; @output_buffer.concat(( f.label :url ).to_s); @output_buffer.concat "<br />\n    "
; @output_buffer.concat(( f.text_field :url ).to_s); @output_buffer.concat "\n  </p>\n  <p>\n    "


; @output_buffer.concat(( f.label :author ).to_s); @output_buffer.concat "<br />\n    "
; @output_buffer.concat(( f.text_field :author ).to_s); @output_buffer.concat "\n  </p>\n  <p>\n    "


; @output_buffer.concat(( label :tags "tags" ).to_s); @output_buffer.concat "<br />\n    "
; @output_buffer.concat(( text_field  :tags "tags" ).to_s); @output_buffer.concat "\n  </p>\n  \n  <p>\n    "



; @output_buffer.concat(( f.submit 'Update' ).to_s); @output_buffer.concat "\n  </p>\n"

;  end ; @output_buffer.concat "\n\n"

; @output_buffer.concat(( link_to 'Show', @bookmark ).to_s); @output_buffer.concat " |\n"
; @output_buffer.concat(( link_to 'Back', bookmarks_path ).to_s); @output_buffer
          ensure
            self.output_buffer = old_output_buffer
          end
Backtrace: /home/djsynthe/ror/marktag/app/views/bookmarks/edit.html.erb:36:in `compile!'
/usr/lib/ruby/gems/1.8/gems/actionpack-2.3.5/lib/action_view/renderable.rb:61:in `compile'
/usr/lib/ruby/gems/1.8/gems/actionpack-2.3.5/lib/action_view/renderable.rb:28:in `render'
/usr/lib/ruby/gems/1.8/gems/actionpack-2.3.5/lib/action_view/template.rb:205:in `render_template'
/usr/lib/ruby/gems/1.8/gems/actionpack-2.3.5/lib/action_view/base.rb:265:in `render'
/usr/lib/ruby/gems/1.8/gems/actionpack-2.3.5/lib/action_view/base.rb:348:in `_render_with_layout'
/usr/lib/ruby/gems/1.8/gems/actionpack-2.3.5/lib/action_view/base.rb:262:in `render'
/usr/lib/ruby/gems/1.8/gems/actionpack-2.3.5/lib/action_controller/base.rb:1250:in `render_for_file'
/usr/lib/ruby/gems/1.8/gems/actionpack-2.3.5/lib/action_controller/base.rb:945:in `render_without_benchmark'
/usr/lib/ruby/gems/1.8/gems/actionpack-2.3.5/lib/action_controller/benchmarking.rb:51:in `render'
/usr/lib/ruby/gems/1.8/gems/activesupport-2.3.5/lib/active_support/core_ext/benchmark.rb:17:in `ms'
/usr/lib/ruby/1.8/benchmark.rb:308:in `realtime'
/usr/lib/ruby/gems/1.8/gems/activesupport-2.3.5/lib/active_support/core_ext/benchmark.rb:17:in `ms'
/usr/lib/ruby/gems/1.8/gems/actionpack-2.3.5/lib/action_controller/benchmarking.rb:51:in `render'
/usr/lib/ruby/gems/1.8/gems/actionpack-2.3.5/lib/action_controller/base.rb:1326:in `default_render'
/usr/lib/ruby/gems/1.8/gems/actionpack-2.3.5/lib/action_controller/base.rb:1332:in `perform_action_without_filters'
/usr/lib/ruby/gems/1.8/gems/actionpack-2.3.5/lib/action_controller/filters.rb:617:in `call_filters'
/usr/lib/ruby/gems/1.8/gems/actionpack-2.3.5/lib/action_controller/filters.rb:610:in `perform_action_without_benchmark'
/usr/lib/ruby/gems/1.8/gems/actionpack-2.3.5/lib/action_controller/benchmarking.rb:68:in `perform_action_without_rescue'
/usr/lib/ruby/gems/1.8/gems/activesupport-2.3.5/lib/active_support/core_ext/benchmark.rb:17:in `ms'
/usr/lib/ruby/1.8/benchmark.rb:308:in `realtime'
/usr/lib/ruby/gems/1.8/gems/activesupport-2.3.5/lib/active_support/core_ext/benchmark.rb:17:in `ms'
/usr/lib/ruby/gems/1.8/gems/actionpack-2.3.5/lib/action_controller/benchmarking.rb:68:in `perform_action_without_rescue'
/usr/lib/ruby/gems/1.8/gems/actionpack-2.3.5/lib/action_controller/rescue.rb:160:in `perform_action_without_flash'
/usr/lib/ruby/gems/1.8/gems/actionpack-2.3.5/lib/action_controller/flash.rb:146:in `perform_action'
/usr/lib/ruby/gems/1.8/gems/actionpack-2.3.5/lib/action_controller/base.rb:532:in `send'
/usr/lib/ruby/gems/1.8/gems/actionpack-2.3.5/lib/action_controller/base.rb:532:in `process_without_filters'
/usr/lib/ruby/gems/1.8/gems/actionpack-2.3.5/lib/action_controller/filters.rb:606:in `process'
/usr/lib/ruby/gems/1.8/gems/actionpack-2.3.5/lib/action_controller/base.rb:391:in `process'
/usr/lib/ruby/gems/1.8/gems/actionpack-2.3.5/lib/action_controller/base.rb:386:in `call'
/usr/lib/ruby/gems/1.8/gems/actionpack-2.3.5/lib/action_controller/routing/route_set.rb:437:in `call'
/usr/lib/ruby/gems/1.8/gems/actionpack-2.3.5/lib/action_controller/dispatcher.rb:87:in `dispatch'
/usr/lib/ruby/gems/1.8/gems/actionpack-2.3.5/lib/action_controller/dispatcher.rb:121:in `_call'
/usr/lib/ruby/gems/1.8/gems/actionpack-2.3.5/lib/action_controller/dispatcher.rb:130:in `build_middleware_stack'
/usr/lib/ruby/gems/1.8/gems/activerecord-2.3.5/lib/active_record/query_cache.rb:29:in `call'
/usr/lib/ruby/gems/1.8/gems/activerecord-2.3.5/lib/active_record/query_cache.rb:29:in `call'
/usr/lib/ruby/gems/1.8/gems/activerecord-2.3.5/lib/active_record/connection_adapters/abstract/query_cache.rb:34:in `cache'
/usr/lib/ruby/gems/1.8/gems/activerecord-2.3.5/lib/active_record/query_cache.rb:9:in `cache'
/usr/lib/ruby/gems/1.8/gems/activerecord-2.3.5/lib/active_record/query_cache.rb:28:in `call'
/usr/lib/ruby/gems/1.8/gems/activerecord-2.3.5/lib/active_record/connection_adapters/abstract/connection_pool.rb:361:in `call'
/usr/lib/ruby/gems/1.8/gems/actionpack-2.3.5/lib/action_controller/string_coercion.rb:25:in `call'
/usr/lib/ruby/gems/1.8/gems/rack-1.0.1/lib/rack/head.rb:9:in `call'
/usr/lib/ruby/gems/1.8/gems/rack-1.0.1/lib/rack/methodoverride.rb:24:in `call'
/usr/lib/ruby/gems/1.8/gems/actionpack-2.3.5/lib/action_controller/params_parser.rb:15:in `call'
/usr/lib/ruby/gems/1.8/gems/actionpack-2.3.5/lib/action_controller/session/cookie_store.rb:93:in `call'
/usr/lib/ruby/gems/1.8/gems/actionpack-2.3.5/lib/action_controller/failsafe.rb:26:in `call'
/usr/lib/ruby/gems/1.8/gems/rack-1.0.1/lib/rack/lock.rb:11:in `call'
/usr/lib/ruby/gems/1.8/gems/rack-1.0.1/lib/rack/lock.rb:11:in `synchronize'
/usr/lib/ruby/gems/1.8/gems/rack-1.0.1/lib/rack/lock.rb:11:in `call'
/usr/lib/ruby/gems/1.8/gems/actionpack-2.3.5/lib/action_controller/dispatcher.rb:114:in `call'
/usr/lib/ruby/gems/1.8/gems/actionpack-2.3.5/lib/action_controller/reloader.rb:34:in `run'
/usr/lib/ruby/gems/1.8/gems/actionpack-2.3.5/lib/action_controller/dispatcher.rb:108:in `call'
/usr/lib/ruby/gems/1.8/gems/rails-2.3.5/lib/rails/rack/static.rb:31:in `call'
/usr/lib/ruby/gems/1.8/gems/rack-1.0.1/lib/rack/urlmap.rb:46:in `call'
/usr/lib/ruby/gems/1.8/gems/rack-1.0.1/lib/rack/urlmap.rb:40:in `each'
/usr/lib/ruby/gems/1.8/gems/rack-1.0.1/lib/rack/urlmap.rb:40:in `call'
/usr/lib/ruby/gems/1.8/gems/rails-2.3.5/lib/rails/rack/log_tailer.rb:17:in `call'
/usr/lib/ruby/gems/1.8/gems/rack-1.0.1/lib/rack/content_length.rb:13:in `call'
/usr/lib/ruby/gems/1.8/gems/rack-1.0.1/lib/rack/handler/webrick.rb:50:in `service'
/usr/lib/ruby/1.8/webrick/httpserver.rb:104:in `service'
/usr/lib/ruby/1.8/webrick/httpserver.rb:65:in `run'
/usr/lib/ruby/1.8/webrick/server.rb:173:in `start_thread'
/usr/lib/ruby/1.8/webrick/server.rb:162:in `start'
/usr/lib/ruby/1.8/webrick/server.rb:162:in `start_thread'
/usr/lib/ruby/1.8/webrick/server.rb:95:in `start'
/usr/lib/ruby/1.8/webrick/server.rb:92:in `each'
/usr/lib/ruby/1.8/webrick/server.rb:92:in `start'
/usr/lib/ruby/1.8/webrick/server.rb:23:in `start'
/usr/lib/ruby/1.8/webrick/server.rb:82:in `start'
/usr/lib/ruby/gems/1.8/gems/rack-1.0.1/lib/rack/handler/webrick.rb:14:in `run'
/usr/lib/ruby/gems/1.8/gems/rails-2.3.5/lib/commands/server.rb:111
/usr/local/lib/site_ruby/1.8/rubygems/custom_require.rb:31:in `gem_original_require'
/usr/local/lib/site_ruby/1.8/rubygems/custom_require.rb:31:in `require'
script/server:3

ActionView::TemplateError (compile error
/home/djsynthe/ror/marktag/app/views/bookmarks/edit.html.erb:23: syntax error, unexpected tSTRING_BEG, expecting ')'
..._buffer.concat(( label :tags "tags" ).to_s); @output_buffer....
                              ^
/home/djsynthe/ror/marktag/app/views/bookmarks/edit.html.erb:24: syntax error, unexpected tSTRING_BEG, expecting ')'
...r.concat(( text_field  :tags "tags" ).to_s); @output_buffer....
                              ^) on line #23 of app/views/bookmarks/edit.html.erb:
20:     <%= f.text_field :author %>
21:   </p>
22:   <p>
23:     <%= label :tags "tags" %><br />
24:     <%= text_field  :tags "tags" %>
25:   </p>
26:   

    app/views/bookmarks/edit.html.erb:36:in `compile!'
    /usr/lib/ruby/1.8/webrick/httpserver.rb:104:in `service'
    /usr/lib/ruby/1.8/webrick/httpserver.rb:65:in `run'
    /usr/lib/ruby/1.8/webrick/server.rb:173:in `start_thread'
    /usr/lib/ruby/1.8/webrick/server.rb:162:in `start'
    /usr/lib/ruby/1.8/webrick/server.rb:162:in `start_thread'
    /usr/lib/ruby/1.8/webrick/server.rb:95:in `start'
    /usr/lib/ruby/1.8/webrick/server.rb:92:in `each'
    /usr/lib/ruby/1.8/webrick/server.rb:92:in `start'
    /usr/lib/ruby/1.8/webrick/server.rb:23:in `start'
    /usr/lib/ruby/1.8/webrick/server.rb:82:in `start'

Rendered rescues/_trace (100.9ms)
Rendered rescues/_request_and_response (0.5ms)
Rendering rescues/layout (internal_server_error)


Processing BookmarksController#edit (for 127.0.0.1 at 2010-04-06 14:18:44) [GET]
  Parameters: {"id"=>"1"}
  [4;36;1mBookmark Load (0.3ms)[0m   [0;1mSELECT * FROM "bookmarks" WHERE ("bookmarks"."id" = 1) [0m
Rendering template within layouts/bookmarks
Rendering bookmarks/edit

ActionView::TemplateError (wrong number of arguments (1 for 2)) on line #23 of app/views/bookmarks/edit.html.erb:
20:     <%= f.text_field :author %>
21:   </p>
22:   <p>
23:     <%= label "tags" %><br />
24:     <%= text_field  "tags" %>
25:   </p>
26:   

    app/views/bookmarks/edit.html.erb:23:in `label'
    app/views/bookmarks/edit.html.erb:23
    app/views/bookmarks/edit.html.erb:3
    /usr/lib/ruby/1.8/webrick/httpserver.rb:104:in `service'
    /usr/lib/ruby/1.8/webrick/httpserver.rb:65:in `run'
    /usr/lib/ruby/1.8/webrick/server.rb:173:in `start_thread'
    /usr/lib/ruby/1.8/webrick/server.rb:162:in `start'
    /usr/lib/ruby/1.8/webrick/server.rb:162:in `start_thread'
    /usr/lib/ruby/1.8/webrick/server.rb:95:in `start'
    /usr/lib/ruby/1.8/webrick/server.rb:92:in `each'
    /usr/lib/ruby/1.8/webrick/server.rb:92:in `start'
    /usr/lib/ruby/1.8/webrick/server.rb:23:in `start'
    /usr/lib/ruby/1.8/webrick/server.rb:82:in `start'

Rendered rescues/_trace (48.0ms)
Rendered rescues/_request_and_response (0.4ms)
Rendering rescues/layout (internal_server_error)


Processing BookmarksController#edit (for 127.0.0.1 at 2010-04-06 14:21:17) [GET]
  Parameters: {"id"=>"1"}
  [4;35;1mBookmark Load (0.4ms)[0m   [0mSELECT * FROM "bookmarks" WHERE ("bookmarks"."id" = 1) [0m
Rendering template within layouts/bookmarks
Rendering bookmarks/edit

ActionView::TemplateError (uninitialized constant Bookmark::Tag) on line #24 of app/views/bookmarks/edit.html.erb:
21:   </p>
22:   <p>
23:     <%= f.label "tags" %><br />
24:     <%= f.text_field "tags" %>
25:   </p>
26:   
27:   <p>

    app/views/bookmarks/edit.html.erb:24
    app/views/bookmarks/edit.html.erb:3
    /usr/lib/ruby/1.8/webrick/httpserver.rb:104:in `service'
    /usr/lib/ruby/1.8/webrick/httpserver.rb:65:in `run'
    /usr/lib/ruby/1.8/webrick/server.rb:173:in `start_thread'
    /usr/lib/ruby/1.8/webrick/server.rb:162:in `start'
    /usr/lib/ruby/1.8/webrick/server.rb:162:in `start_thread'
    /usr/lib/ruby/1.8/webrick/server.rb:95:in `start'
    /usr/lib/ruby/1.8/webrick/server.rb:92:in `each'
    /usr/lib/ruby/1.8/webrick/server.rb:92:in `start'
    /usr/lib/ruby/1.8/webrick/server.rb:23:in `start'
    /usr/lib/ruby/1.8/webrick/server.rb:82:in `start'

Rendered rescues/_trace (49.0ms)
Rendered rescues/_request_and_response (0.3ms)
Rendering rescues/layout (internal_server_error)


Processing BookmarksController#edit (for 127.0.0.1 at 2010-04-06 14:21:49) [GET]
  Parameters: {"id"=>"1"}
  [4;36;1mBookmark Load (0.3ms)[0m   [0;1mSELECT * FROM "bookmarks" WHERE ("bookmarks"."id" = 1) [0m
Rendering template within layouts/bookmarks
Rendering bookmarks/edit

ActionView::TemplateError (uninitialized constant Bookmark::Tag) on line #24 of app/views/bookmarks/edit.html.erb:
21:   </p>
22:   <p>
23:     <%= f.label "tags" %><br />
24:     <%= f.text_field "tags" %>
25:   </p>
26:   
27:   <p>

    app/views/bookmarks/edit.html.erb:24
    app/views/bookmarks/edit.html.erb:3
    /usr/lib/ruby/1.8/webrick/httpserver.rb:104:in `service'
    /usr/lib/ruby/1.8/webrick/httpserver.rb:65:in `run'
    /usr/lib/ruby/1.8/webrick/server.rb:173:in `start_thread'
    /usr/lib/ruby/1.8/webrick/server.rb:162:in `start'
    /usr/lib/ruby/1.8/webrick/server.rb:162:in `start_thread'
    /usr/lib/ruby/1.8/webrick/server.rb:95:in `start'
    /usr/lib/ruby/1.8/webrick/server.rb:92:in `each'
    /usr/lib/ruby/1.8/webrick/server.rb:92:in `start'
    /usr/lib/ruby/1.8/webrick/server.rb:23:in `start'
    /usr/lib/ruby/1.8/webrick/server.rb:82:in `start'

Rendered rescues/_trace (50.4ms)
Rendered rescues/_request_and_response (0.4ms)
Rendering rescues/layout (internal_server_error)


Processing BookmarksController#edit (for 127.0.0.1 at 2010-04-06 14:22:05) [GET]
  Parameters: {"id"=>"1"}
  [4;35;1mBookmark Load (0.3ms)[0m   [0mSELECT * FROM "bookmarks" WHERE ("bookmarks"."id" = 1) [0m
Rendering template within layouts/bookmarks
Rendering bookmarks/edit

ActionView::TemplateError (undefined method `abc' for #<Bookmark:0x7fef0c077be8>) on line #24 of app/views/bookmarks/edit.html.erb:
21:   </p>
22:   <p>
23:     <%= f.label @tags %><br />
24:     <%= f.text_field @tags %>
25:   </p>
26:   
27:   <p>

    app/views/bookmarks/edit.html.erb:24
    app/views/bookmarks/edit.html.erb:3
    /usr/lib/ruby/1.8/webrick/httpserver.rb:104:in `service'
    /usr/lib/ruby/1.8/webrick/httpserver.rb:65:in `run'
    /usr/lib/ruby/1.8/webrick/server.rb:173:in `start_thread'
    /usr/lib/ruby/1.8/webrick/server.rb:162:in `start'
    /usr/lib/ruby/1.8/webrick/server.rb:162:in `start_thread'
    /usr/lib/ruby/1.8/webrick/server.rb:95:in `start'
    /usr/lib/ruby/1.8/webrick/server.rb:92:in `each'
    /usr/lib/ruby/1.8/webrick/server.rb:92:in `start'
    /usr/lib/ruby/1.8/webrick/server.rb:23:in `start'
    /usr/lib/ruby/1.8/webrick/server.rb:82:in `start'

Rendered rescues/_trace (45.6ms)
Rendered rescues/_request_and_response (0.4ms)
Rendering rescues/layout (internal_server_error)


Processing BookmarksController#edit (for 127.0.0.1 at 2010-04-06 14:22:16) [GET]
  Parameters: {"id"=>"1"}
  [4;36;1mBookmark Load (0.3ms)[0m   [0;1mSELECT * FROM "bookmarks" WHERE ("bookmarks"."id" = 1) [0m
Rendering template within layouts/bookmarks
Rendering bookmarks/edit

ActionView::TemplateError (uninitialized constant Bookmark::Tag) on line #24 of app/views/bookmarks/edit.html.erb:
21:   </p>
22:   <p>
23:     <%= f.label :tags %><br />
24:     <%= f.text_field :tags %>
25:   </p>
26:   
27:   <p>

    app/views/bookmarks/edit.html.erb:24
    app/views/bookmarks/edit.html.erb:3
    /usr/lib/ruby/1.8/webrick/httpserver.rb:104:in `service'
    /usr/lib/ruby/1.8/webrick/httpserver.rb:65:in `run'
    /usr/lib/ruby/1.8/webrick/server.rb:173:in `start_thread'
    /usr/lib/ruby/1.8/webrick/server.rb:162:in `start'
    /usr/lib/ruby/1.8/webrick/server.rb:162:in `start_thread'
    /usr/lib/ruby/1.8/webrick/server.rb:95:in `start'
    /usr/lib/ruby/1.8/webrick/server.rb:92:in `each'
    /usr/lib/ruby/1.8/webrick/server.rb:92:in `start'
    /usr/lib/ruby/1.8/webrick/server.rb:23:in `start'
    /usr/lib/ruby/1.8/webrick/server.rb:82:in `start'

Rendered rescues/_trace (112.2ms)
Rendered rescues/_request_and_response (0.4ms)
Rendering rescues/layout (internal_server_error)


Processing ApplicationController#edit (for 127.0.0.1 at 2010-04-06 14:22:44) [GET]
  Parameters: {"id"=>"1"}

SyntaxError (/home/djsynthe/ror/marktag/app/controllers/bookmarks_controller.rb:39: syntax error, unexpected '=', expecting kEND
    :tags = "abc"
           ^):
  /usr/lib/ruby/1.8/webrick/httpserver.rb:104:in `service'
  /usr/lib/ruby/1.8/webrick/httpserver.rb:65:in `run'
  /usr/lib/ruby/1.8/webrick/server.rb:173:in `start_thread'
  /usr/lib/ruby/1.8/webrick/server.rb:162:in `start'
  /usr/lib/ruby/1.8/webrick/server.rb:162:in `start_thread'
  /usr/lib/ruby/1.8/webrick/server.rb:95:in `start'
  /usr/lib/ruby/1.8/webrick/server.rb:92:in `each'
  /usr/lib/ruby/1.8/webrick/server.rb:92:in `start'
  /usr/lib/ruby/1.8/webrick/server.rb:23:in `start'
  /usr/lib/ruby/1.8/webrick/server.rb:82:in `start'

Rendered rescues/_trace (28.1ms)
Rendered rescues/_request_and_response (0.3ms)
Rendering rescues/layout (internal_server_error)


Processing BookmarksController#edit (for 127.0.0.1 at 2010-04-06 14:23:33) [GET]
  Parameters: {"id"=>"1"}
  [4;35;1mBookmark Load (0.4ms)[0m   [0mSELECT * FROM "bookmarks" WHERE ("bookmarks"."id" = 1) [0m
Rendering template within layouts/bookmarks
Rendering bookmarks/edit
Completed in 20ms (View: 11, DB: 0) | 200 OK [http://localhost/bookmarks/1/edit]


Processing BookmarksController#edit (for 127.0.0.1 at 2010-04-06 14:24:38) [GET]
  Parameters: {"id"=>"1"}
  [4;36;1mBookmark Load (0.4ms)[0m   [0;1mSELECT * FROM "bookmarks" WHERE ("bookmarks"."id" = 1) [0m
Rendering template within layouts/bookmarks
Rendering bookmarks/edit
ERROR: compiling _run_erb_app47views47bookmarks47edit46html46erb RAISED compile error
/home/djsynthe/ror/marktag/app/views/bookmarks/edit.html.erb:25: syntax error, unexpected '<', expecting ')'
  </p>
   ^
/home/djsynthe/ror/marktag/app/views/bookmarks/edit.html.erb:28: unknown regexp option - p
/home/djsynthe/ror/marktag/app/views/bookmarks/edit.html.erb:28: unmatched ): /p>
  
  <p>
    <%= f.submit 'Update' ).to_s); @output_buffer.concat "\n  </
/home/djsynthe/ror/marktag/app/views/bookmarks/edit.html.erb:28: syntax error, unexpected $undefined
    <%= f.submit 'Update' ).to_s); @output_buffer.concat "\n  </p>\n"
                                                                   ^
/home/djsynthe/ror/marktag/app/views/bookmarks/edit.html.erb:30: syntax error, unexpected $undefined, expecting ')'
;  end ; @output_buffer.concat "\n\n"
                                 ^
/home/djsynthe/ror/marktag/app/views/bookmarks/edit.html.erb:32: syntax error, unexpected $undefined
...s); @output_buffer.concat " |\n"
                              ^
/home/djsynthe/ror/marktag/app/views/bookmarks/edit.html.erb:32: unterminated string meets end of file
/home/djsynthe/ror/marktag/app/views/bookmarks/edit.html.erb:32: syntax error, unexpected $end, expecting ')'
Function body:           def _run_erb_app47views47bookmarks47edit46html46erb(local_assigns)
            old_output_buffer = output_buffer;;@output_buffer = '';  __in_erb_template=true ; @output_buffer.concat "<h1>Editing bookmark</h1>\n\n"

;  form_for(@bookmark) do |f| ; @output_buffer.concat "\n  "
; @output_buffer.concat(( f.error_messages ).to_s); @output_buffer.concat "\n\n  <p>\n    "


; @output_buffer.concat(( f.label :title ).to_s); @output_buffer.concat "<br />\n    "
; @output_buffer.concat(( f.text_field :title ).to_s); @output_buffer.concat "\n  </p>\n  <p>\n    "


; @output_buffer.concat(( f.label :description ).to_s); @output_buffer.concat "<br />\n    "
; @output_buffer.concat(( f.text_area :description ).to_s); @output_buffer.concat "\n  </p>\n  <p>\n    "


; @output_buffer.concat(( f.label :url ).to_s); @output_buffer.concat "<br />\n    "
; @output_buffer.concat(( f.text_field :url ).to_s); @output_buffer.concat "\n  </p>\n  <p>\n    "


; @output_buffer.concat(( f.label :author ).to_s); @output_buffer.concat "<br />\n    "
; @output_buffer.concat(( f.text_field :author ).to_s); @output_buffer.concat "\n  </p>\n  <p>\n    "


; @output_buffer.concat(( f.label @constant, "test" ).to_s); @output_buffer.concat "<br />\n    "
; @output_buffer.concat(( f.label @constant
  </p>
  
  <p>
    <%= f.submit 'Update' ).to_s); @output_buffer.concat "\n  </p>\n"

;  end ; @output_buffer.concat "\n\n"

; @output_buffer.concat(( link_to 'Show', @bookmark ).to_s); @output_buffer.concat " |\n"
; @output_buffer.concat(( link_to 'Back', bookmarks_path ).to_s); @output_buffer
          ensure
            self.output_buffer = old_output_buffer
          end
Backtrace: /home/djsynthe/ror/marktag/app/views/bookmarks/edit.html.erb:32:in `compile!'
/usr/lib/ruby/gems/1.8/gems/actionpack-2.3.5/lib/action_view/renderable.rb:61:in `compile'
/usr/lib/ruby/gems/1.8/gems/actionpack-2.3.5/lib/action_view/renderable.rb:28:in `render'
/usr/lib/ruby/gems/1.8/gems/actionpack-2.3.5/lib/action_view/template.rb:205:in `render_template'
/usr/lib/ruby/gems/1.8/gems/actionpack-2.3.5/lib/action_view/base.rb:265:in `render'
/usr/lib/ruby/gems/1.8/gems/actionpack-2.3.5/lib/action_view/base.rb:348:in `_render_with_layout'
/usr/lib/ruby/gems/1.8/gems/actionpack-2.3.5/lib/action_view/base.rb:262:in `render'
/usr/lib/ruby/gems/1.8/gems/actionpack-2.3.5/lib/action_controller/base.rb:1250:in `render_for_file'
/usr/lib/ruby/gems/1.8/gems/actionpack-2.3.5/lib/action_controller/base.rb:945:in `render_without_benchmark'
/usr/lib/ruby/gems/1.8/gems/actionpack-2.3.5/lib/action_controller/benchmarking.rb:51:in `render'
/usr/lib/ruby/gems/1.8/gems/activesupport-2.3.5/lib/active_support/core_ext/benchmark.rb:17:in `ms'
/usr/lib/ruby/1.8/benchmark.rb:308:in `realtime'
/usr/lib/ruby/gems/1.8/gems/activesupport-2.3.5/lib/active_support/core_ext/benchmark.rb:17:in `ms'
/usr/lib/ruby/gems/1.8/gems/actionpack-2.3.5/lib/action_controller/benchmarking.rb:51:in `render'
/usr/lib/ruby/gems/1.8/gems/actionpack-2.3.5/lib/action_controller/base.rb:1326:in `default_render'
/usr/lib/ruby/gems/1.8/gems/actionpack-2.3.5/lib/action_controller/base.rb:1332:in `perform_action_without_filters'
/usr/lib/ruby/gems/1.8/gems/actionpack-2.3.5/lib/action_controller/filters.rb:617:in `call_filters'
/usr/lib/ruby/gems/1.8/gems/actionpack-2.3.5/lib/action_controller/filters.rb:610:in `perform_action_without_benchmark'
/usr/lib/ruby/gems/1.8/gems/actionpack-2.3.5/lib/action_controller/benchmarking.rb:68:in `perform_action_without_rescue'
/usr/lib/ruby/gems/1.8/gems/activesupport-2.3.5/lib/active_support/core_ext/benchmark.rb:17:in `ms'
/usr/lib/ruby/1.8/benchmark.rb:308:in `realtime'
/usr/lib/ruby/gems/1.8/gems/activesupport-2.3.5/lib/active_support/core_ext/benchmark.rb:17:in `ms'
/usr/lib/ruby/gems/1.8/gems/actionpack-2.3.5/lib/action_controller/benchmarking.rb:68:in `perform_action_without_rescue'
/usr/lib/ruby/gems/1.8/gems/actionpack-2.3.5/lib/action_controller/rescue.rb:160:in `perform_action_without_flash'
/usr/lib/ruby/gems/1.8/gems/actionpack-2.3.5/lib/action_controller/flash.rb:146:in `perform_action'
/usr/lib/ruby/gems/1.8/gems/actionpack-2.3.5/lib/action_controller/base.rb:532:in `send'
/usr/lib/ruby/gems/1.8/gems/actionpack-2.3.5/lib/action_controller/base.rb:532:in `process_without_filters'
/usr/lib/ruby/gems/1.8/gems/actionpack-2.3.5/lib/action_controller/filters.rb:606:in `process'
/usr/lib/ruby/gems/1.8/gems/actionpack-2.3.5/lib/action_controller/base.rb:391:in `process'
/usr/lib/ruby/gems/1.8/gems/actionpack-2.3.5/lib/action_controller/base.rb:386:in `call'
/usr/lib/ruby/gems/1.8/gems/actionpack-2.3.5/lib/action_controller/routing/route_set.rb:437:in `call'
/usr/lib/ruby/gems/1.8/gems/actionpack-2.3.5/lib/action_controller/dispatcher.rb:87:in `dispatch'
/usr/lib/ruby/gems/1.8/gems/actionpack-2.3.5/lib/action_controller/dispatcher.rb:121:in `_call'
/usr/lib/ruby/gems/1.8/gems/actionpack-2.3.5/lib/action_controller/dispatcher.rb:130:in `build_middleware_stack'
/usr/lib/ruby/gems/1.8/gems/activerecord-2.3.5/lib/active_record/query_cache.rb:29:in `call'
/usr/lib/ruby/gems/1.8/gems/activerecord-2.3.5/lib/active_record/query_cache.rb:29:in `call'
/usr/lib/ruby/gems/1.8/gems/activerecord-2.3.5/lib/active_record/connection_adapters/abstract/query_cache.rb:34:in `cache'
/usr/lib/ruby/gems/1.8/gems/activerecord-2.3.5/lib/active_record/query_cache.rb:9:in `cache'
/usr/lib/ruby/gems/1.8/gems/activerecord-2.3.5/lib/active_record/query_cache.rb:28:in `call'
/usr/lib/ruby/gems/1.8/gems/activerecord-2.3.5/lib/active_record/connection_adapters/abstract/connection_pool.rb:361:in `call'
/usr/lib/ruby/gems/1.8/gems/actionpack-2.3.5/lib/action_controller/string_coercion.rb:25:in `call'
/usr/lib/ruby/gems/1.8/gems/rack-1.0.1/lib/rack/head.rb:9:in `call'
/usr/lib/ruby/gems/1.8/gems/rack-1.0.1/lib/rack/methodoverride.rb:24:in `call'
/usr/lib/ruby/gems/1.8/gems/actionpack-2.3.5/lib/action_controller/params_parser.rb:15:in `call'
/usr/lib/ruby/gems/1.8/gems/actionpack-2.3.5/lib/action_controller/session/cookie_store.rb:93:in `call'
/usr/lib/ruby/gems/1.8/gems/actionpack-2.3.5/lib/action_controller/failsafe.rb:26:in `call'
/usr/lib/ruby/gems/1.8/gems/rack-1.0.1/lib/rack/lock.rb:11:in `call'
/usr/lib/ruby/gems/1.8/gems/rack-1.0.1/lib/rack/lock.rb:11:in `synchronize'
/usr/lib/ruby/gems/1.8/gems/rack-1.0.1/lib/rack/lock.rb:11:in `call'
/usr/lib/ruby/gems/1.8/gems/actionpack-2.3.5/lib/action_controller/dispatcher.rb:114:in `call'
/usr/lib/ruby/gems/1.8/gems/actionpack-2.3.5/lib/action_controller/reloader.rb:34:in `run'
/usr/lib/ruby/gems/1.8/gems/actionpack-2.3.5/lib/action_controller/dispatcher.rb:108:in `call'
/usr/lib/ruby/gems/1.8/gems/rails-2.3.5/lib/rails/rack/static.rb:31:in `call'
/usr/lib/ruby/gems/1.8/gems/rack-1.0.1/lib/rack/urlmap.rb:46:in `call'
/usr/lib/ruby/gems/1.8/gems/rack-1.0.1/lib/rack/urlmap.rb:40:in `each'
/usr/lib/ruby/gems/1.8/gems/rack-1.0.1/lib/rack/urlmap.rb:40:in `call'
/usr/lib/ruby/gems/1.8/gems/rails-2.3.5/lib/rails/rack/log_tailer.rb:17:in `call'
/usr/lib/ruby/gems/1.8/gems/rack-1.0.1/lib/rack/content_length.rb:13:in `call'
/usr/lib/ruby/gems/1.8/gems/rack-1.0.1/lib/rack/handler/webrick.rb:50:in `service'
/usr/lib/ruby/1.8/webrick/httpserver.rb:104:in `service'
/usr/lib/ruby/1.8/webrick/httpserver.rb:65:in `run'
/usr/lib/ruby/1.8/webrick/server.rb:173:in `start_thread'
/usr/lib/ruby/1.8/webrick/server.rb:162:in `start'
/usr/lib/ruby/1.8/webrick/server.rb:162:in `start_thread'
/usr/lib/ruby/1.8/webrick/server.rb:95:in `start'
/usr/lib/ruby/1.8/webrick/server.rb:92:in `each'
/usr/lib/ruby/1.8/webrick/server.rb:92:in `start'
/usr/lib/ruby/1.8/webrick/server.rb:23:in `start'
/usr/lib/ruby/1.8/webrick/server.rb:82:in `start'
/usr/lib/ruby/gems/1.8/gems/rack-1.0.1/lib/rack/handler/webrick.rb:14:in `run'
/usr/lib/ruby/gems/1.8/gems/rails-2.3.5/lib/commands/server.rb:111
/usr/local/lib/site_ruby/1.8/rubygems/custom_require.rb:31:in `gem_original_require'
/usr/local/lib/site_ruby/1.8/rubygems/custom_require.rb:31:in `require'
script/server:3

ActionView::TemplateError (compile error
/home/djsynthe/ror/marktag/app/views/bookmarks/edit.html.erb:25: syntax error, unexpected '<', expecting ')'
  </p>
   ^
/home/djsynthe/ror/marktag/app/views/bookmarks/edit.html.erb:28: unknown regexp option - p
/home/djsynthe/ror/marktag/app/views/bookmarks/edit.html.erb:28: unmatched ): /p>
  
  <p>
    <%= f.submit 'Update' ).to_s); @output_buffer.concat "\n  </
/home/djsynthe/ror/marktag/app/views/bookmarks/edit.html.erb:28: syntax error, unexpected $undefined
    <%= f.submit 'Update' ).to_s); @output_buffer.concat "\n  </p>\n"
                                                                   ^
/home/djsynthe/ror/marktag/app/views/bookmarks/edit.html.erb:30: syntax error, unexpected $undefined, expecting ')'
;  end ; @output_buffer.concat "\n\n"
                                 ^
/home/djsynthe/ror/marktag/app/views/bookmarks/edit.html.erb:32: syntax error, unexpected $undefined
...s); @output_buffer.concat " |\n"
                              ^
/home/djsynthe/ror/marktag/app/views/bookmarks/edit.html.erb:32: unterminated string meets end of file
/home/djsynthe/ror/marktag/app/views/bookmarks/edit.html.erb:32: syntax error, unexpected $end, expecting ')') on line #25 of app/views/bookmarks/edit.html.erb:
22:   <p>
23:     <%= f.label @constant, "test" %><br />
24:     <%= f.label @constant
25:   </p>
26:   
27:   <p>
28:     <%= f.submit 'Update' %>

    app/views/bookmarks/edit.html.erb:32:in `compile!'
    /usr/lib/ruby/1.8/webrick/httpserver.rb:104:in `service'
    /usr/lib/ruby/1.8/webrick/httpserver.rb:65:in `run'
    /usr/lib/ruby/1.8/webrick/server.rb:173:in `start_thread'
    /usr/lib/ruby/1.8/webrick/server.rb:162:in `start'
    /usr/lib/ruby/1.8/webrick/server.rb:162:in `start_thread'
    /usr/lib/ruby/1.8/webrick/server.rb:95:in `start'
    /usr/lib/ruby/1.8/webrick/server.rb:92:in `each'
    /usr/lib/ruby/1.8/webrick/server.rb:92:in `start'
    /usr/lib/ruby/1.8/webrick/server.rb:23:in `start'
    /usr/lib/ruby/1.8/webrick/server.rb:82:in `start'

Rendered rescues/_trace (37.4ms)
Rendered rescues/_request_and_response (0.4ms)
Rendering rescues/layout (internal_server_error)


Processing BookmarksController#edit (for 127.0.0.1 at 2010-04-06 14:24:45) [GET]
  Parameters: {"id"=>"1"}
  [4;35;1mBookmark Load (0.7ms)[0m   [0mSELECT * FROM "bookmarks" WHERE ("bookmarks"."id" = 1) [0m
Rendering template within layouts/bookmarks
Rendering bookmarks/edit
Completed in 24ms (View: 14, DB: 1) | 200 OK [http://localhost/bookmarks/1/edit]


Processing BookmarksController#edit (for 127.0.0.1 at 2010-04-06 14:24:57) [GET]
  Parameters: {"id"=>"1"}
  [4;36;1mBookmark Load (0.3ms)[0m   [0;1mSELECT * FROM "bookmarks" WHERE ("bookmarks"."id" = 1) [0m
Rendering template within layouts/bookmarks
Rendering bookmarks/edit

ActionView::TemplateError (undefined method `some text' for #<Bookmark:0x7fef0bfa23d0>) on line #24 of app/views/bookmarks/edit.html.erb:
21:   </p>
22:   <p>
23:     <%= f.label @constant, "test" %><br />
24:     <%= f.text_field @constant %>
25:   </p>
26:   
27:   <p>

    app/views/bookmarks/edit.html.erb:24
    app/views/bookmarks/edit.html.erb:3
    /usr/lib/ruby/1.8/webrick/httpserver.rb:104:in `service'
    /usr/lib/ruby/1.8/webrick/httpserver.rb:65:in `run'
    /usr/lib/ruby/1.8/webrick/server.rb:173:in `start_thread'
    /usr/lib/ruby/1.8/webrick/server.rb:162:in `start'
    /usr/lib/ruby/1.8/webrick/server.rb:162:in `start_thread'
    /usr/lib/ruby/1.8/webrick/server.rb:95:in `start'
    /usr/lib/ruby/1.8/webrick/server.rb:92:in `each'
    /usr/lib/ruby/1.8/webrick/server.rb:92:in `start'
    /usr/lib/ruby/1.8/webrick/server.rb:23:in `start'
    /usr/lib/ruby/1.8/webrick/server.rb:82:in `start'

Rendered rescues/_trace (45.6ms)
Rendered rescues/_request_and_response (0.3ms)
Rendering rescues/layout (internal_server_error)


Processing BookmarksController#edit (for 127.0.0.1 at 2010-04-06 14:25:18) [GET]
  Parameters: {"id"=>"1"}
  [4;35;1mBookmark Load (0.3ms)[0m   [0mSELECT * FROM "bookmarks" WHERE ("bookmarks"."id" = 1) [0m
Rendering template within layouts/bookmarks
Rendering bookmarks/edit

ActionView::TemplateError (undefined method `merge' for "test":String) on line #24 of app/views/bookmarks/edit.html.erb:
21:   </p>
22:   <p>
23:     <%= f.label @constant, "test" %><br />
24:     <%= f.text_field @constant, "test" %>
25:   </p>
26:   
27:   <p>

    app/views/bookmarks/edit.html.erb:24
    app/views/bookmarks/edit.html.erb:3
    /usr/lib/ruby/1.8/webrick/httpserver.rb:104:in `service'
    /usr/lib/ruby/1.8/webrick/httpserver.rb:65:in `run'
    /usr/lib/ruby/1.8/webrick/server.rb:173:in `start_thread'
    /usr/lib/ruby/1.8/webrick/server.rb:162:in `start'
    /usr/lib/ruby/1.8/webrick/server.rb:162:in `start_thread'
    /usr/lib/ruby/1.8/webrick/server.rb:95:in `start'
    /usr/lib/ruby/1.8/webrick/server.rb:92:in `each'
    /usr/lib/ruby/1.8/webrick/server.rb:92:in `start'
    /usr/lib/ruby/1.8/webrick/server.rb:23:in `start'
    /usr/lib/ruby/1.8/webrick/server.rb:82:in `start'

Rendered rescues/_trace (103.1ms)
Rendered rescues/_request_and_response (0.4ms)
Rendering rescues/layout (internal_server_error)


Processing BookmarksController#edit (for 127.0.0.1 at 2010-04-06 14:25:30) [GET]
  Parameters: {"id"=>"1"}
  [4;36;1mBookmark Load (0.3ms)[0m   [0;1mSELECT * FROM "bookmarks" WHERE ("bookmarks"."id" = 1) [0m
Rendering template within layouts/bookmarks
Rendering bookmarks/edit

ActionView::TemplateError (wrong number of arguments) on line #24 of app/views/bookmarks/edit.html.erb:
21:   </p>
22:   <p>
23:     <%= f.label @constant, "test" %><br />
24:     <%= f.text_field "test" %>
25:   </p>
26:   
27:   <p>

    app/views/bookmarks/edit.html.erb:24
    app/views/bookmarks/edit.html.erb:3
    /usr/lib/ruby/1.8/webrick/httpserver.rb:104:in `service'
    /usr/lib/ruby/1.8/webrick/httpserver.rb:65:in `run'
    /usr/lib/ruby/1.8/webrick/server.rb:173:in `start_thread'
    /usr/lib/ruby/1.8/webrick/server.rb:162:in `start'
    /usr/lib/ruby/1.8/webrick/server.rb:162:in `start_thread'
    /usr/lib/ruby/1.8/webrick/server.rb:95:in `start'
    /usr/lib/ruby/1.8/webrick/server.rb:92:in `each'
    /usr/lib/ruby/1.8/webrick/server.rb:92:in `start'
    /usr/lib/ruby/1.8/webrick/server.rb:23:in `start'
    /usr/lib/ruby/1.8/webrick/server.rb:82:in `start'

Rendered rescues/_trace (104.0ms)
Rendered rescues/_request_and_response (0.4ms)
Rendering rescues/layout (internal_server_error)


Processing BookmarksController#edit (for 127.0.0.1 at 2010-04-06 14:25:39) [GET]
  Parameters: {"id"=>"1"}
  [4;35;1mBookmark Load (0.3ms)[0m   [0mSELECT * FROM "bookmarks" WHERE ("bookmarks"."id" = 1) [0m
Rendering template within layouts/bookmarks
Rendering bookmarks/edit

ActionView::TemplateError (undefined method `merge' for "help":String) on line #24 of app/views/bookmarks/edit.html.erb:
21:   </p>
22:   <p>
23:     <%= f.label @constant, "test" %><br />
24:     <%= f.text_field "test", "help" %>
25:   </p>
26:   
27:   <p>

    app/views/bookmarks/edit.html.erb:24
    app/views/bookmarks/edit.html.erb:3
    /usr/lib/ruby/1.8/webrick/httpserver.rb:104:in `service'
    /usr/lib/ruby/1.8/webrick/httpserver.rb:65:in `run'
    /usr/lib/ruby/1.8/webrick/server.rb:173:in `start_thread'
    /usr/lib/ruby/1.8/webrick/server.rb:162:in `start'
    /usr/lib/ruby/1.8/webrick/server.rb:162:in `start_thread'
    /usr/lib/ruby/1.8/webrick/server.rb:95:in `start'
    /usr/lib/ruby/1.8/webrick/server.rb:92:in `each'
    /usr/lib/ruby/1.8/webrick/server.rb:92:in `start'
    /usr/lib/ruby/1.8/webrick/server.rb:23:in `start'
    /usr/lib/ruby/1.8/webrick/server.rb:82:in `start'

Rendered rescues/_trace (42.1ms)
Rendered rescues/_request_and_response (0.4ms)
Rendering rescues/layout (internal_server_error)


Processing BookmarksController#edit (for 127.0.0.1 at 2010-04-06 14:27:20) [GET]
  Parameters: {"id"=>"1"}
  [4;36;1mBookmark Load (0.3ms)[0m   [0;1mSELECT * FROM "bookmarks" WHERE ("bookmarks"."id" = 1) [0m
Rendering template within layouts/bookmarks
Rendering bookmarks/edit

ActionView::TemplateError (uninitialized constant Bookmark::Tag) on line #24 of app/views/bookmarks/edit.html.erb:
21:   </p>
22:   <p>
23:     <%= f.label :tags %><br />
24:     <%= f.text_field :tags %>
25:   </p>
26:   
27:   <p>

    app/views/bookmarks/edit.html.erb:24
    app/views/bookmarks/edit.html.erb:3
    /usr/lib/ruby/1.8/webrick/httpserver.rb:104:in `service'
    /usr/lib/ruby/1.8/webrick/httpserver.rb:65:in `run'
    /usr/lib/ruby/1.8/webrick/server.rb:173:in `start_thread'
    /usr/lib/ruby/1.8/webrick/server.rb:162:in `start'
    /usr/lib/ruby/1.8/webrick/server.rb:162:in `start_thread'
    /usr/lib/ruby/1.8/webrick/server.rb:95:in `start'
    /usr/lib/ruby/1.8/webrick/server.rb:92:in `each'
    /usr/lib/ruby/1.8/webrick/server.rb:92:in `start'
    /usr/lib/ruby/1.8/webrick/server.rb:23:in `start'
    /usr/lib/ruby/1.8/webrick/server.rb:82:in `start'

Rendered rescues/_trace (51.1ms)
Rendered rescues/_request_and_response (0.4ms)
Rendering rescues/layout (internal_server_error)


Processing BookmarksController#edit (for 127.0.0.1 at 2010-04-06 14:27:41) [GET]
  Parameters: {"id"=>"1"}
  [4;35;1mBookmark Load (0.3ms)[0m   [0mSELECT * FROM "bookmarks" WHERE ("bookmarks"."id" = 1) [0m

NameError (uninitialized constant Bookmark::Tag):
  app/controllers/bookmarks_controller.rb:39:in `edit'
  /usr/lib/ruby/1.8/webrick/httpserver.rb:104:in `service'
  /usr/lib/ruby/1.8/webrick/httpserver.rb:65:in `run'
  /usr/lib/ruby/1.8/webrick/server.rb:173:in `start_thread'
  /usr/lib/ruby/1.8/webrick/server.rb:162:in `start'
  /usr/lib/ruby/1.8/webrick/server.rb:162:in `start_thread'
  /usr/lib/ruby/1.8/webrick/server.rb:95:in `start'
  /usr/lib/ruby/1.8/webrick/server.rb:92:in `each'
  /usr/lib/ruby/1.8/webrick/server.rb:92:in `start'
  /usr/lib/ruby/1.8/webrick/server.rb:23:in `start'
  /usr/lib/ruby/1.8/webrick/server.rb:82:in `start'

Rendered rescues/_trace (102.1ms)
Rendered rescues/_request_and_response (0.4ms)
Rendering rescues/layout (internal_server_error)


Processing BookmarksController#edit (for 127.0.0.1 at 2010-04-06 14:31:55) [GET]
  Parameters: {"id"=>"1"}
  [4;36;1mBookmark Load (0.3ms)[0m   [0;1mSELECT * FROM "bookmarks" WHERE ("bookmarks"."id" = 1) [0m
Rendering template within layouts/bookmarks
Rendering bookmarks/edit

ActionView::TemplateError (undefined method `some text - testing' for #<Bookmark:0x7fef0a44a718>) on line #24 of app/views/bookmarks/edit.html.erb:
21:   </p>
22:   <p>
23:     <%= f.label "tags" %><br />
24:     <%= f.text_field @tags %>
25:   </p>
26:   
27:   <p>

    app/views/bookmarks/edit.html.erb:24
    app/views/bookmarks/edit.html.erb:3
    /usr/lib/ruby/1.8/webrick/httpserver.rb:104:in `service'
    /usr/lib/ruby/1.8/webrick/httpserver.rb:65:in `run'
    /usr/lib/ruby/1.8/webrick/server.rb:173:in `start_thread'
    /usr/lib/ruby/1.8/webrick/server.rb:162:in `start'
    /usr/lib/ruby/1.8/webrick/server.rb:162:in `start_thread'
    /usr/lib/ruby/1.8/webrick/server.rb:95:in `start'
    /usr/lib/ruby/1.8/webrick/server.rb:92:in `each'
    /usr/lib/ruby/1.8/webrick/server.rb:92:in `start'
    /usr/lib/ruby/1.8/webrick/server.rb:23:in `start'
    /usr/lib/ruby/1.8/webrick/server.rb:82:in `start'

Rendered rescues/_trace (43.3ms)
Rendered rescues/_request_and_response (0.3ms)
Rendering rescues/layout (internal_server_error)
